2024-02-10 21:09:14,422 - octoprint.startup - INFO - ******************************************************************************
2024-02-10 21:09:14,427 - octoprint.startup - INFO - Starting OctoPrint 1.9.3
2024-02-10 21:09:14,428 - octoprint.startup - INFO - ******************************************************************************
2024-02-10 21:09:15,272 - octoprint.util.connectivity.connectivity_checker - INFO - Connectivity state is currently: online
2024-02-10 21:09:15,273 - octoprint.util.connectivity.connectivity_checker - INFO - Connecting to 1.1.1.1:53 is working
2024-02-10 21:09:15,274 - octoprint.util.connectivity.connectivity_checker - INFO - Resolving octoprint.org is working
2024-02-10 21:09:15,307 - octoprint.plugin.core - INFO - Loading plugins from /home/pi/oprint/lib/python3.9/site-packages/octoprint/plugins, /home/pi/.octoprint/plugins and installed plugin packages...
2024-02-10 21:09:24,052 - octoprint.plugin.core - INFO - Found 26 plugin(s) providing 26 mixin implementations, 55 hook handlers
2024-02-10 21:09:35,141 - octoprint.server.heartbeat - INFO - Starting server heartbeat, 900.0s interval
2024-02-10 21:09:35,440 - octoprint.server - INFO - Intermediary server started
2024-02-10 21:09:35,491 - octoprint.filemanager.storage - INFO - Initializing the file metadata for /home/pi/.octoprint/uploads...
2024-02-10 21:09:35,550 - octoprint.filemanager.storage - INFO - ... file metadata for /home/pi/.octoprint/uploads initialized successfully.
2024-02-10 21:09:35,565 - octoprint.server - INFO - Added new permission from plugin action_command_notification: PLUGIN_ACTION_COMMAND_NOTIFICATION_SHOW (needs: "Need(method='role', value='plugin_action_command_notification_show')")
2024-02-10 21:09:35,565 - octoprint.server - INFO - Added new permission from plugin action_command_notification: PLUGIN_ACTION_COMMAND_NOTIFICATION_CLEAR (needs: "Need(method='role', value='plugin_action_command_notification_clear')")
2024-02-10 21:09:35,566 - octoprint.server - INFO - Added new permission from plugin action_command_prompt: PLUGIN_ACTION_COMMAND_PROMPT_INTERACT (needs: "Need(method='role', value='plugin_action_command_prompt_interact')")
2024-02-10 21:09:35,567 - octoprint.server - INFO - Added new permission from plugin announcements: PLUGIN_ANNOUNCEMENTS_READ (needs: "Need(method='role', value='plugin_announcements_read')")
2024-02-10 21:09:35,567 - octoprint.server - INFO - Added new permission from plugin announcements: PLUGIN_ANNOUNCEMENTS_MANAGE (needs: "Need(method='role', value='plugin_announcements_read'), Need(method='role', value='plugin_announcements_manage')")
2024-02-10 21:09:35,568 - octoprint.server - INFO - Added new permission from plugin appkeys: PLUGIN_APPKEYS_ADMIN (needs: "Need(method='role', value='plugin_appkeys_admin')")
2024-02-10 21:09:35,569 - octoprint.server - INFO - Added new permission from plugin appkeys: PLUGIN_APPKEYS_GRANT (needs: "Need(method='role', value='plugin_appkeys_user')")
2024-02-10 21:09:35,569 - octoprint.server - INFO - Added new permission from plugin backup: PLUGIN_BACKUP_ACCESS (needs: "Need(method='role', value='plugin_backup_access')")
2024-02-10 21:09:35,570 - octoprint.server - INFO - Added new permission from plugin firmware_check: PLUGIN_FIRMWARE_CHECK_DISPLAY (needs: "Need(method='role', value='plugin_firmware_check_display')")
2024-02-10 21:09:35,577 - octoprint.server - INFO - Added new permission from plugin logging: PLUGIN_LOGGING_MANAGE (needs: "Need(method='role', value='plugin_logging_manage')")
2024-02-10 21:09:35,580 - octoprint.server - INFO - Added new permission from plugin octorelay: PLUGIN_OCTORELAY_SWITCH (needs: "Need(method='role', value='plugin_octorelay_switch')")
2024-02-10 21:09:35,582 - octoprint.server - INFO - Added new permission from plugin pi_support: PLUGIN_PI_SUPPORT_STATUS (needs: "Need(method='role', value='plugin_pi_support_check')")
2024-02-10 21:09:35,585 - octoprint.server - INFO - Added new permission from plugin pluginmanager: PLUGIN_PLUGINMANAGER_LIST (needs: "Need(method='role', value='plugin_pluginmanager_list')")
2024-02-10 21:09:35,587 - octoprint.server - INFO - Added new permission from plugin pluginmanager: PLUGIN_PLUGINMANAGER_MANAGE (needs: "Need(method='role', value='plugin_pluginmanager_manage')")
2024-02-10 21:09:35,590 - octoprint.server - INFO - Added new permission from plugin pluginmanager: PLUGIN_PLUGINMANAGER_INSTALL (needs: "Need(method='role', value='plugin_pluginmanager_install'), Need(method='role', value='plugin_pluginmanager_manage')")
2024-02-10 21:09:35,592 - octoprint.server - INFO - Added new permission from plugin softwareupdate: PLUGIN_SOFTWAREUPDATE_CHECK (needs: "Need(method='role', value='plugin_softwareupdate_check')")
2024-02-10 21:09:35,595 - octoprint.server - INFO - Added new permission from plugin softwareupdate: PLUGIN_SOFTWAREUPDATE_UPDATE (needs: "Need(method='role', value='plugin_softwareupdate_update')")
2024-02-10 21:09:35,597 - octoprint.server - INFO - Added new permission from plugin softwareupdate: PLUGIN_SOFTWAREUPDATE_CONFIGURE (needs: "Need(method='role', value='plugin_softwareupdate_configure')")
2024-02-10 21:09:38,847 - octoprint.util.pip - INFO - Using "/home/pi/oprint/bin/python -m pip" as command to invoke pip
2024-02-10 21:09:40,951 - octoprint.util.pip - INFO - Version of pip is 22.3
2024-02-10 21:09:40,959 - octoprint.util.pip - INFO - pip installs to /home/pi/oprint/lib/python3.9/site-packages (writable -> yes), --user flag needed -> no, virtual env -> yes
2024-02-10 21:09:40,960 - octoprint.util.pip - INFO - ==> pip ok -> yes
2024-02-10 21:09:41,313 - octoprint.plugins.softwareupdate - INFO - Loaded version cache from disk
2024-02-10 21:09:41,330 - octoprint.plugins.softwareupdate - INFO - Loaded update log from disk
2024-02-10 21:09:41,636 - octoprint.plugin.core - INFO - Initialized 26 plugin implementation(s)
2024-02-10 21:09:41,692 - octoprint.plugins.chituboard - INFO - Octoprint-Chituboard: load settings finished
2024-02-10 21:09:41,880 - octoprint.plugins.uicustomizer - INFO - Downloaded theme: https://lazemss.github.io/OctoPrint-UICustomizerThemes/css/discoranged.css into: /home/pi/oprint/lib/python3.9/site-packages/octoprint_uicustomizer/static/themes/css/discoranged.css
2024-02-10 21:09:42,324 - octoprint - INFO - Installing webcam compat overlay for configured default webcam <octoprint.webcams.ProvidedWebcam object at 0x6ef85fb8>
2024-02-10 21:09:42,328 - octoprint.plugin.core - INFO - 26 plugin(s) registered with the system:
|  Action Command Notification Support (bundled) = /home/pi/oprint/lib/python3.9/site-packages/octoprint/plugins/action_command_notification
|  Action Command Prompt Support (bundled) = /home/pi/oprint/lib/python3.9/site-packages/octoprint/plugins/action_command_prompt
|  Announcement Plugin (bundled) = /home/pi/oprint/lib/python3.9/site-packages/octoprint/plugins/announcements
|  Anonymous Usage Tracking (bundled) = /home/pi/oprint/lib/python3.9/site-packages/octoprint/plugins/tracking
|  Application Keys Plugin (bundled) = /home/pi/oprint/lib/python3.9/site-packages/octoprint/plugins/appkeys
|  Backup & Restore (bundled) = /home/pi/oprint/lib/python3.9/site-packages/octoprint/plugins/backup
|  Classic Webcam (bundled) = /home/pi/oprint/lib/python3.9/site-packages/octoprint/plugins/classicwebcam
|  Core Wizard (bundled) = /home/pi/oprint/lib/python3.9/site-packages/octoprint/plugins/corewizard
|  Custom Control Editor (0.2.2) = /home/pi/oprint/lib/python3.9/site-packages/octoprint_customControl
|  Discovery (bundled) = /home/pi/oprint/lib/python3.9/site-packages/octoprint/plugins/discovery
|  Error Tracking (bundled) = /home/pi/oprint/lib/python3.9/site-packages/octoprint/plugins/errortracking
|  Event Manager (bundled) = /home/pi/oprint/lib/python3.9/site-packages/octoprint/plugins/eventmanager
|  File Check (2021.2.23) (bundled) = /home/pi/oprint/lib/python3.9/site-packages/octoprint_file_check
|  Firmware Check (2021.10.11) (bundled) = /home/pi/oprint/lib/python3.9/site-packages/octoprint_firmware_check
|  GCode Viewer (bundled) = /home/pi/oprint/lib/python3.9/site-packages/octoprint/plugins/gcodeviewer
|  GPIO Control (1.0.8) = /home/pi/oprint/lib/python3.9/site-packages/octoprint_gpiocontrol
|  Logging (bundled) = /home/pi/oprint/lib/python3.9/site-packages/octoprint/plugins/logging
|  Octoprint-Chituboard (0.1.4.1) = /home/pi/oprint/lib/python3.9/site-packages/octoprint_chituboard
|  OctoRelay (4.0.1) = /home/pi/oprint/lib/python3.9/site-packages/octoprint_octorelay
|  Physical Button (0.6.1) = /home/pi/oprint/lib/python3.9/site-packages/octoprint_physicalbutton
|  Pi Support Plugin (2023.10.10) (bundled) = /home/pi/oprint/lib/python3.9/site-packages/octoprint_pi_support
|  Plugin Manager (bundled) = /home/pi/oprint/lib/python3.9/site-packages/octoprint/plugins/pluginmanager
|  Sla_timelapse Plugin (0.1.0) = /home/pi/oprint/lib/python3.9/site-packages/octoprint_Sla_Timelapse
|  Software Update (bundled) = /home/pi/oprint/lib/python3.9/site-packages/octoprint/plugins/softwareupdate
|  UI Customizer (0.1.9.9) = /home/pi/oprint/lib/python3.9/site-packages/octoprint_uicustomizer
|  Virtual Printer (bundled) = /home/pi/oprint/lib/python3.9/site-packages/octoprint/plugins/virtual_printer
Prefix legend: ! = disabled, # = blacklisted, * = incompatible
2024-02-10 21:09:42,397 - octoprint.environment - INFO - Detected environment is Python 3.9.2 under Linux (linux). Details:
|  hardware:
|    cores: 4
|    freq: 1000.0
|    ram: 380952576
|  os:
|    bits: 32
|    id: linux
|    platform: linux
|  plugins:
|    pi_support:
|      model: Raspberry Pi Zero 2 W Rev 1.0
|      octopi_camera_stack: webcamd
|      octopi_version: 1.0.0
|      octopiuptodate_build: 1.0.0-1.9.3-20231009151442
|      octopiuptodate_build_short: 2023.10.09.151442
|      throttle_check_enabled: true
|      throttle_check_functional: true
|      throttle_state: '0x0'
|  python:
|    pip: '22.3'
|    version: 3.9.2
|    virtualenv: /home/pi/oprint
2024-02-10 21:09:42,431 - octoprint.server - INFO - Reset webasset folder /home/pi/.octoprint/generated/webassets...
2024-02-10 21:09:42,433 - octoprint.server - INFO - Reset webasset folder /home/pi/.octoprint/generated/.webassets-cache...
2024-02-10 21:09:42,435 - octoprint.server - INFO - Reset webasset folder /home/pi/.octoprint/generated/.webassets-manifest.json...
2024-02-10 21:09:43,882 - octoprint.settings - WARNING - DeprecationWarning: Detected access to deprecated settings path ['webcam', 'snapshot'], returned value is derived from compatibility overlay. Please use the webcam system introduced with 1.9.0, this compatibility layer will be removed in a future release.
2024-02-10 21:09:43,919 - octoprint.server - INFO - Shutting down intermediary server...
2024-02-10 21:09:44,380 - octoprint.server - INFO - Intermediary server shut down
2024-02-10 21:09:44,388 - octoprint.events - INFO - Processing startup event, this is our first event
2024-02-10 21:09:44,388 - octoprint.events - INFO - Adding 1 events to queue that were held back before startup event
2024-02-10 21:09:44,399 - octoprint.filemanager - INFO - Adding backlog items from all storage types to analysis queue...
2024-02-10 21:09:44,402 - octoprint.server - INFO - Autoconnect on startup is configured, trying to connect to the printer...
2024-02-10 21:09:44,441 - octoprint.filemanager - INFO - Added 0 items from storage type "local" to analysis queue
2024-02-10 21:09:44,479 - octoprint.server - INFO - Trying to connect to configured serial port /dev/ttyS0
2024-02-10 21:09:44,807 - octoprint.util.comm - INFO - Changing monitoring state from "Offline" to "Opening serial connection"
2024-02-10 21:09:44,820 - octoprint.util.comm - INFO - Connecting to port /dev/ttyS0, baudrate 115200
2024-02-10 21:09:44,832 - octoprint.server - INFO - Starting autorefresh of serial port list
2024-02-10 21:09:44,835 - octoprint.server - INFO - Autorefresh of serial port list stopped
2024-02-10 21:09:44,844 - octoprint.util.comm - INFO - Changing monitoring state from "Opening serial connection" to "Connecting"
2024-02-10 21:09:44,868 - octoprint.server.util.watchdog - INFO - Running initial scan on watched folder...
2024-02-10 21:09:44,874 - octoprint.server.util.watchdog - INFO - ... initial scan done.
2024-02-10 21:09:45,715 - octoprint.plugins.discovery - INFO - Registered 'OctoPrint instance on piSLA._http._tcp.local.' for _http._tcp.local.
2024-02-10 21:09:46,570 - octoprint.plugins.discovery - INFO - Registered 'OctoPrint instance on piSLA._octoprint._tcp.local.' for _octoprint._tcp.local.
2024-02-10 21:09:46,595 - octoprint.plugins.discovery - INFO - Registered OctoPrint instance on piSLA for SSDP
2024-02-10 21:09:46,659 - octoprint.plugins.gpiocontrol - INFO - Detected GPIO mode: 11
2024-02-10 21:09:46,663 - octoprint.server - INFO - Listening on http://127.0.0.1:5000
2024-02-10 21:09:46,881 - octoprint.plugins.pluginmanager - INFO - Loaded plugin repository data from disk, was still valid
2024-02-10 21:09:49,151 - octoprint.util.pip - INFO - Using "/home/pi/oprint/bin/python -m pip" as command to invoke pip
2024-02-10 21:09:49,159 - octoprint.util.pip - INFO - pip installs to /home/pi/oprint/lib/python3.9/site-packages (writable -> yes), --user flag needed -> no, virtual env -> yes
2024-02-10 21:09:49,180 - octoprint.util.pip - INFO - ==> pip ok -> yes
2024-02-10 21:09:49,261 - octoprint.plugins.softwareupdate - INFO - Minimum free storage across all update relevant locations is 24.9GB. That is considered sufficient for updating.
2024-02-10 21:09:49,266 - octoprint.plugins.softwareupdate - INFO - Fetching check overlays from https://plugins.octoprint.org/update_check_overlay.json
2024-02-10 21:09:50,038 - octoprint.plugin - ERROR - Error while calling plugin Sla_Timelapse
Traceback (most recent call last):
  File "/home/pi/oprint/lib/python3.9/site-packages/octoprint/plugin/__init__.py", line 275, in call_plugin
    result = getattr(plugin, method)(*args, **kwargs)
  File "/home/pi/oprint/lib/python3.9/site-packages/octoprint/util/__init__.py", line 1686, in wrapper
    return f(*args, **kwargs)
  File "/home/pi/oprint/lib/python3.9/site-packages/octoprint_Sla_Timelapse/__init__.py", line 10, in on_after_startup
    self._setup_gpio()
  File "/home/pi/oprint/lib/python3.9/site-packages/octoprint_Sla_Timelapse/__init__.py", line 13, in _setup_gpio
    gpio_pin = self._settings.get_int(["gpio_pin"])
AttributeError: 'SnapshotTriggerPlugin' object has no attribute '_settings'
2024-02-10 21:09:50,038 - octoprint.plugins.chituboard - INFO - Octoprint-Chituboard plugin startup
2024-02-10 21:09:50,043 - octoprint.plugins.octorelay - INFO - Starting the plugin
2024-02-10 21:09:50,166 - octoprint.plugins.pluginmanager - INFO - Loaded notice data from disk, was still valid
2024-02-10 21:09:50,506 - octoprint.plugins.uicustomizer - INFO - UI Customizer is initialized.
2024-02-10 21:09:50,935 - octoprint.server.preemptive_cache - INFO - Preemptively caching / (ui _default) for {'base_url': 'http://192.168.1.73/', 'path': '/', 'query_string': 'l10n=en'}
2024-02-10 21:10:01,950 - octoprint.server.util.flask - INFO - Passively logging in user admin from ::ffff:192.168.1.90
2024-02-10 21:10:01,951 - octoprint.access.users - INFO - Logged in user: admin
2024-02-10 21:10:01,959 - octoprint.plugins.uicustomizer - INFO - Checking for updated themes
2024-02-10 21:10:02,136 - octoprint.server.util.flask - INFO - Passively logging in user admin from ::ffff:192.168.1.90
2024-02-10 21:10:02,137 - octoprint.access.users - INFO - Logged in user: admin
2024-02-10 21:10:02,303 - octoprint.server.util.flask - INFO - Passively logging in user admin from ::ffff:192.168.1.90
2024-02-10 21:10:02,303 - octoprint.access.users - INFO - Logged in user: admin
2024-02-10 21:10:12,026 - octoprint.server.preemptive_cache - INFO - ... done in 21.09s
2024-02-10 21:10:12,027 - octoprint.server.preemptive_cache - INFO - Preemptively caching / (ui _default) for {'base_url': 'http://192.168.1.84/', 'path': '/', 'query_string': 'l10n=en'}
2024-02-10 21:10:12,137 - octoprint.server.views - INFO - Found path / in cache (key: ui:_default:http://192.168.1.73/:en), signaling as cached
2024-02-10 21:10:13,668 - octoprint.server.preemptive_cache - INFO - ... done in 1.64s
2024-02-10 21:10:13,668 - octoprint.server.preemptive_cache - INFO - Preemptively caching / (ui _default) for {'base_url': 'http://192.168.1.72/', 'path': '/', 'query_string': 'l10n=en'}
2024-02-10 21:10:15,340 - octoprint.server.util.sockjs - INFO - New connection from client: ::ffff:192.168.1.90
2024-02-10 21:10:15,667 - octoprint.server.preemptive_cache - INFO - ... done in 2.00s
2024-02-10 21:10:15,761 - octoprint.server.util.flask - INFO - Passively logging in user admin from ::ffff:192.168.1.90
2024-02-10 21:10:15,761 - octoprint.access.users - INFO - Logged in user: admin
2024-02-10 21:10:19,992 - octoprint.server.util.sockjs - INFO - User admin logged in on the socket from client ::ffff:192.168.1.90
2024-02-10 21:10:24,939 - octoprint.util.comm - INFO - Changing monitoring state from "Connecting" to "Offline"
2024-02-10 21:10:24,960 - octoprint.server - INFO - Starting autorefresh of serial port list
2024-02-10 21:10:24,974 - octoprint.plugins.action_command_notification - INFO - Notifications cleared
2024-02-10 21:10:25,008 - octoprint.server - INFO - Serial port list was updated, refreshing the port list in the frontend
2024-02-10 21:10:25,406 - octoprint.util.comm - INFO - Changing monitoring state from "Offline" to "Opening serial connection"
2024-02-10 21:10:25,418 - octoprint.util.comm - INFO - Connecting to port /dev/ttyS0, baudrate 115200
2024-02-10 21:10:25,464 - octoprint.util.comm - INFO - Changing monitoring state from "Opening serial connection" to "Connecting"
2024-02-10 21:10:26,009 - octoprint.server - INFO - Autorefresh of serial port list stopped
2024-02-10 21:11:05,530 - octoprint.util.comm - INFO - Changing monitoring state from "Connecting" to "Offline"
2024-02-10 21:11:05,555 - octoprint.server - INFO - Starting autorefresh of serial port list
2024-02-10 21:11:05,585 - octoprint.plugins.action_command_notification - INFO - Notifications cleared
