2024-02-04 10:55:41,669 - octoprint.startup - INFO - ******************************************************************************
2024-02-04 10:55:41,672 - octoprint.startup - INFO - Starting OctoPrint 1.9.3
2024-02-04 10:55:41,674 - octoprint.startup - INFO - ******************************************************************************
2024-02-04 10:55:42,546 - octoprint.util.connectivity.connectivity_checker - INFO - Connectivity state is currently: online
2024-02-04 10:55:42,547 - octoprint.util.connectivity.connectivity_checker - INFO - Connecting to 1.1.1.1:53 is working
2024-02-04 10:55:42,548 - octoprint.util.connectivity.connectivity_checker - INFO - Resolving octoprint.org is working
2024-02-04 10:55:42,575 - octoprint.plugin.core - INFO - Loading plugins from /home/pi/oprint/lib/python3.9/site-packages/octoprint/plugins, /home/pi/.octoprint/plugins and installed plugin packages...
2024-02-04 10:55:51,013 - octoprint.plugin.core - INFO - Found 26 plugin(s) providing 26 mixin implementations, 56 hook handlers
2024-02-04 10:55:51,452 - octoprint.server.heartbeat - INFO - Starting server heartbeat, 900.0s interval
2024-02-04 10:55:51,746 - octoprint.server - INFO - Intermediary server started
2024-02-04 10:55:51,798 - octoprint.filemanager.storage - INFO - Initializing the file metadata for /home/pi/.octoprint/uploads...
2024-02-04 10:55:51,915 - octoprint.filemanager.storage - INFO - ... file metadata for /home/pi/.octoprint/uploads initialized successfully.
2024-02-04 10:55:51,925 - octoprint.server - INFO - Added new permission from plugin action_command_notification: PLUGIN_ACTION_COMMAND_NOTIFICATION_SHOW (needs: "Need(method='role', value='plugin_action_command_notification_show')")
2024-02-04 10:55:51,926 - octoprint.server - INFO - Added new permission from plugin action_command_notification: PLUGIN_ACTION_COMMAND_NOTIFICATION_CLEAR (needs: "Need(method='role', value='plugin_action_command_notification_clear')")
2024-02-04 10:55:51,926 - octoprint.server - INFO - Added new permission from plugin action_command_prompt: PLUGIN_ACTION_COMMAND_PROMPT_INTERACT (needs: "Need(method='role', value='plugin_action_command_prompt_interact')")
2024-02-04 10:55:51,927 - octoprint.server - INFO - Added new permission from plugin announcements: PLUGIN_ANNOUNCEMENTS_READ (needs: "Need(method='role', value='plugin_announcements_read')")
2024-02-04 10:55:51,928 - octoprint.server - INFO - Added new permission from plugin announcements: PLUGIN_ANNOUNCEMENTS_MANAGE (needs: "Need(method='role', value='plugin_announcements_manage'), Need(method='role', value='plugin_announcements_read')")
2024-02-04 10:55:51,928 - octoprint.server - INFO - Added new permission from plugin appkeys: PLUGIN_APPKEYS_ADMIN (needs: "Need(method='role', value='plugin_appkeys_admin')")
2024-02-04 10:55:51,929 - octoprint.server - INFO - Added new permission from plugin appkeys: PLUGIN_APPKEYS_GRANT (needs: "Need(method='role', value='plugin_appkeys_user')")
2024-02-04 10:55:51,930 - octoprint.server - INFO - Added new permission from plugin backup: PLUGIN_BACKUP_ACCESS (needs: "Need(method='role', value='plugin_backup_access')")
2024-02-04 10:55:51,930 - octoprint.server - INFO - Added new permission from plugin firmware_check: PLUGIN_FIRMWARE_CHECK_DISPLAY (needs: "Need(method='role', value='plugin_firmware_check_display')")
2024-02-04 10:55:51,936 - octoprint.server - INFO - Added new permission from plugin logging: PLUGIN_LOGGING_MANAGE (needs: "Need(method='role', value='plugin_logging_manage')")
2024-02-04 10:55:51,938 - octoprint.server - INFO - Added new permission from plugin octorelay: PLUGIN_OCTORELAY_SWITCH (needs: "Need(method='role', value='plugin_octorelay_switch')")
2024-02-04 10:55:51,941 - octoprint.server - INFO - Added new permission from plugin pi_support: PLUGIN_PI_SUPPORT_STATUS (needs: "Need(method='role', value='plugin_pi_support_check')")
2024-02-04 10:55:51,943 - octoprint.server - INFO - Added new permission from plugin pluginmanager: PLUGIN_PLUGINMANAGER_LIST (needs: "Need(method='role', value='plugin_pluginmanager_list')")
2024-02-04 10:55:51,945 - octoprint.server - INFO - Added new permission from plugin pluginmanager: PLUGIN_PLUGINMANAGER_MANAGE (needs: "Need(method='role', value='plugin_pluginmanager_manage')")
2024-02-04 10:55:51,948 - octoprint.server - INFO - Added new permission from plugin pluginmanager: PLUGIN_PLUGINMANAGER_INSTALL (needs: "Need(method='role', value='plugin_pluginmanager_install'), Need(method='role', value='plugin_pluginmanager_manage')")
2024-02-04 10:55:51,951 - octoprint.server - INFO - Added new permission from plugin softwareupdate: PLUGIN_SOFTWAREUPDATE_CHECK (needs: "Need(method='role', value='plugin_softwareupdate_check')")
2024-02-04 10:55:51,953 - octoprint.server - INFO - Added new permission from plugin softwareupdate: PLUGIN_SOFTWAREUPDATE_UPDATE (needs: "Need(method='role', value='plugin_softwareupdate_update')")
2024-02-04 10:55:51,955 - octoprint.server - INFO - Added new permission from plugin softwareupdate: PLUGIN_SOFTWAREUPDATE_CONFIGURE (needs: "Need(method='role', value='plugin_softwareupdate_configure')")
2024-02-04 10:55:54,775 - octoprint.util.pip - INFO - Using "/home/pi/oprint/bin/python -m pip" as command to invoke pip
2024-02-04 10:55:56,873 - octoprint.util.pip - INFO - Version of pip is 22.3
2024-02-04 10:55:56,883 - octoprint.util.pip - INFO - pip installs to /home/pi/oprint/lib/python3.9/site-packages (writable -> yes), --user flag needed -> no, virtual env -> yes
2024-02-04 10:55:56,883 - octoprint.util.pip - INFO - ==> pip ok -> yes
2024-02-04 10:55:57,234 - octoprint.plugins.softwareupdate - INFO - Loaded version cache from disk
2024-02-04 10:55:57,250 - octoprint.plugins.softwareupdate - INFO - Loaded update log from disk
2024-02-04 10:55:57,558 - octoprint.plugin.core - INFO - Initialized 26 plugin implementation(s)
2024-02-04 10:55:57,615 - octoprint.plugins.chituboard - INFO - Octoprint-Chituboard: load settings finished
2024-02-04 10:55:57,807 - octoprint.plugins.uicustomizer - INFO - Downloaded theme: https://lazemss.github.io/OctoPrint-UICustomizerThemes/css/discoranged.css into: /home/pi/oprint/lib/python3.9/site-packages/octoprint_uicustomizer/static/themes/css/discoranged.css
2024-02-04 10:55:58,265 - octoprint - INFO - Installing webcam compat overlay for configured default webcam <octoprint.webcams.ProvidedWebcam object at 0x70b22f70>
2024-02-04 10:55:58,269 - octoprint.plugin.core - INFO - 26 plugin(s) registered with the system:
|  Action Command Notification Support (bundled) = /home/pi/oprint/lib/python3.9/site-packages/octoprint/plugins/action_command_notification
|  Action Command Prompt Support (bundled) = /home/pi/oprint/lib/python3.9/site-packages/octoprint/plugins/action_command_prompt
|  Announcement Plugin (bundled) = /home/pi/oprint/lib/python3.9/site-packages/octoprint/plugins/announcements
|  Anonymous Usage Tracking (bundled) = /home/pi/oprint/lib/python3.9/site-packages/octoprint/plugins/tracking
|  Application Keys Plugin (bundled) = /home/pi/oprint/lib/python3.9/site-packages/octoprint/plugins/appkeys
|  Backup & Restore (bundled) = /home/pi/oprint/lib/python3.9/site-packages/octoprint/plugins/backup
|  Classic Webcam (bundled) = /home/pi/oprint/lib/python3.9/site-packages/octoprint/plugins/classicwebcam
|  Core Wizard (bundled) = /home/pi/oprint/lib/python3.9/site-packages/octoprint/plugins/corewizard
|  Custom Control Editor (0.2.2) = /home/pi/oprint/lib/python3.9/site-packages/octoprint_customControl
|  Discovery (bundled) = /home/pi/oprint/lib/python3.9/site-packages/octoprint/plugins/discovery
|  Error Tracking (bundled) = /home/pi/oprint/lib/python3.9/site-packages/octoprint/plugins/errortracking
|  Event Manager (bundled) = /home/pi/oprint/lib/python3.9/site-packages/octoprint/plugins/eventmanager
|  File Check (2021.2.23) (bundled) = /home/pi/oprint/lib/python3.9/site-packages/octoprint_file_check
|  Firmware Check (2021.10.11) (bundled) = /home/pi/oprint/lib/python3.9/site-packages/octoprint_firmware_check
|  GCode Viewer (bundled) = /home/pi/oprint/lib/python3.9/site-packages/octoprint/plugins/gcodeviewer
|  GPIO Control (1.0.8) = /home/pi/oprint/lib/python3.9/site-packages/octoprint_gpiocontrol
|  Logging (bundled) = /home/pi/oprint/lib/python3.9/site-packages/octoprint/plugins/logging
|  Octoprint-Chituboard (0.1.4.1) = /home/pi/oprint/lib/python3.9/site-packages/octoprint_chituboard
|  OctoRelay (4.0.1) = /home/pi/oprint/lib/python3.9/site-packages/octoprint_octorelay
|  Physical Button (0.6.1) = /home/pi/oprint/lib/python3.9/site-packages/octoprint_physicalbutton
|  Pi Support Plugin (2023.10.10) (bundled) = /home/pi/oprint/lib/python3.9/site-packages/octoprint_pi_support
|  Plugin Manager (bundled) = /home/pi/oprint/lib/python3.9/site-packages/octoprint/plugins/pluginmanager
|  Sla_timelapse Plugin (0.1.0) = /home/pi/oprint/lib/python3.9/site-packages/octoprint_Sla_Timelapse
|  Software Update (bundled) = /home/pi/oprint/lib/python3.9/site-packages/octoprint/plugins/softwareupdate
|  UI Customizer (0.1.9.9) = /home/pi/oprint/lib/python3.9/site-packages/octoprint_uicustomizer
|  Virtual Printer (bundled) = /home/pi/oprint/lib/python3.9/site-packages/octoprint/plugins/virtual_printer
Prefix legend: ! = disabled, # = blacklisted, * = incompatible
2024-02-04 10:55:58,345 - octoprint.environment - INFO - Detected environment is Python 3.9.2 under Linux (linux). Details:
|  hardware:
|    cores: 4
|    freq: 1000.0
|    ram: 380952576
|  os:
|    bits: 32
|    id: linux
|    platform: linux
|  plugins:
|    pi_support:
|      model: Raspberry Pi Zero 2 W Rev 1.0
|      octopi_camera_stack: webcamd
|      octopi_version: 1.0.0
|      octopiuptodate_build: 1.0.0-1.9.3-20231009151442
|      octopiuptodate_build_short: 2023.10.09.151442
|      throttle_check_enabled: true
|      throttle_check_functional: true
|      throttle_state: '0x0'
|  python:
|    pip: '22.3'
|    version: 3.9.2
|    virtualenv: /home/pi/oprint
2024-02-04 10:55:58,387 - octoprint.server - INFO - Reset webasset folder /home/pi/.octoprint/generated/webassets...
2024-02-04 10:55:58,390 - octoprint.server - INFO - Reset webasset folder /home/pi/.octoprint/generated/.webassets-cache...
2024-02-04 10:55:58,392 - octoprint.server - INFO - Reset webasset folder /home/pi/.octoprint/generated/.webassets-manifest.json...
2024-02-04 10:55:59,466 - octoprint.settings - WARNING - DeprecationWarning: Detected access to deprecated settings path ['webcam', 'snapshot'], returned value is derived from compatibility overlay. Please use the webcam system introduced with 1.9.0, this compatibility layer will be removed in a future release.
2024-02-04 10:55:59,504 - octoprint.server - INFO - Shutting down intermediary server...
2024-02-04 10:55:59,773 - octoprint.server - INFO - Intermediary server shut down
2024-02-04 10:55:59,781 - octoprint.events - INFO - Processing startup event, this is our first event
2024-02-04 10:55:59,781 - octoprint.events - INFO - Adding 1 events to queue that were held back before startup event
2024-02-04 10:55:59,784 - octoprint.filemanager - INFO - Adding backlog items from all storage types to analysis queue...
2024-02-04 10:55:59,795 - octoprint.server - INFO - Autoconnect on startup is configured, trying to connect to the printer...
2024-02-04 10:55:59,811 - octoprint.filemanager - INFO - Added 0 items from storage type "local" to analysis queue
2024-02-04 10:55:59,873 - octoprint.server - INFO - Trying to connect to configured serial port /dev/ttyS0
2024-02-04 10:56:00,179 - octoprint.util.comm - INFO - Changing monitoring state from "Offline" to "Opening serial connection"
2024-02-04 10:56:00,191 - octoprint.server - INFO - Starting autorefresh of serial port list
2024-02-04 10:56:00,195 - octoprint.util.comm - INFO - Connecting to port /dev/ttyS0, baudrate 115200
2024-02-04 10:56:00,207 - octoprint.server - INFO - Autorefresh of serial port list stopped
2024-02-04 10:56:00,217 - octoprint.util.comm - INFO - Changing monitoring state from "Opening serial connection" to "Connecting"
2024-02-04 10:56:00,238 - octoprint.server.util.watchdog - INFO - Running initial scan on watched folder...
2024-02-04 10:56:00,244 - octoprint.server.util.watchdog - INFO - ... initial scan done.
2024-02-04 10:56:01,082 - octoprint.plugins.discovery - INFO - Registered 'OctoPrint instance on piSLA._http._tcp.local.' for _http._tcp.local.
2024-02-04 10:56:11,912 - octoprint.plugins.discovery - INFO - Registered 'OctoPrint instance on piSLA._octoprint._tcp.local.' for _octoprint._tcp.local.
2024-02-04 10:56:11,936 - octoprint.plugins.discovery - INFO - Registered OctoPrint instance on piSLA for SSDP
2024-02-04 10:56:11,998 - octoprint.plugins.gpiocontrol - INFO - Detected GPIO mode: 11
2024-02-04 10:56:12,002 - octoprint.server - INFO - Listening on http://127.0.0.1:5000
2024-02-04 10:56:12,189 - octoprint.plugins.pluginmanager - INFO - Loaded plugin repository data from disk, was still valid
2024-02-04 10:56:14,428 - octoprint.util.pip - INFO - Using "/home/pi/oprint/bin/python -m pip" as command to invoke pip
2024-02-04 10:56:14,435 - octoprint.util.pip - INFO - pip installs to /home/pi/oprint/lib/python3.9/site-packages (writable -> yes), --user flag needed -> no, virtual env -> yes
2024-02-04 10:56:14,461 - octoprint.util.pip - INFO - ==> pip ok -> yes
2024-02-04 10:56:14,543 - octoprint.plugins.softwareupdate - INFO - Minimum free storage across all update relevant locations is 25.0GB. That is considered sufficient for updating.
2024-02-04 10:56:14,553 - octoprint.plugins.softwareupdate - INFO - Fetching check overlays from https://plugins.octoprint.org/update_check_overlay.json
2024-02-04 10:56:15,160 - octoprint.plugins.pluginmanager - INFO - Loaded notice data from disk, was still valid
2024-02-04 10:56:15,248 - octoprint.plugins.Sla_Timelapse - DEBUG - Created /home/pi/timelapse/timelapse_04-02-2024_Job2
2024-02-04 10:56:15,258 - py.warnings - WARNING - /home/pi/oprint/lib/python3.9/site-packages/gpiozero/devices.py:295: PinFactoryFallback: Falling back from lgpio: No module named 'lgpio'
  warnings.warn(

2024-02-04 10:56:40,314 - octoprint.plugins.Sla_Timelapse - DEBUG - Inactive for too long. Ending the script...
2024-02-04 10:56:40,317 - octoprint.plugins.Sla_Timelapse - DEBUG - 
Zipped the contents of /home/pi/timelapse/timelapse_04-02-2024_Job2.
2024-02-04 10:56:40,319 - octoprint.plugins.Sla_Timelapse - DEBUG - The original folder /home/pi/timelapse/timelapse_04-02-2024_Job2 has been deleted.
2024-02-04 10:56:40,320 - octoprint.plugins.Sla_Timelapse - DEBUG - 
Exiting... The script ran for 24.99864387512207 seconds.
2024-02-04 10:56:40,370 - octoprint.plugins.chituboard - INFO - Octoprint-Chituboard plugin startup
2024-02-04 10:56:40,375 - octoprint.plugins.octorelay - INFO - Starting the plugin
2024-02-04 10:56:40,757 - octoprint.plugins.uicustomizer - INFO - UI Customizer is initialized.
2024-02-04 10:56:41,140 - octoprint.server.preemptive_cache - INFO - Preemptively caching / (ui _default) for {'base_url': 'http://192.168.1.86/', 'path': '/', 'query_string': 'l10n=en'}
2024-02-04 10:56:50,271 - octoprint.util.comm - INFO - Changing monitoring state from "Connecting" to "Offline"
2024-02-04 10:56:50,284 - octoprint.server - INFO - Starting autorefresh of serial port list
2024-02-04 10:56:50,287 - octoprint.plugins.action_command_notification - INFO - Notifications cleared
2024-02-04 10:56:50,306 - octoprint.server - INFO - Serial port list was updated, refreshing the port list in the frontend
2024-02-04 10:56:50,710 - octoprint.util.comm - INFO - Changing monitoring state from "Offline" to "Opening serial connection"
2024-02-04 10:56:50,720 - octoprint.util.comm - INFO - Connecting to port /dev/ttyS0, baudrate 115200
2024-02-04 10:56:50,739 - octoprint.util.comm - INFO - Changing monitoring state from "Opening serial connection" to "Connecting"
2024-02-04 10:56:51,315 - octoprint.server - INFO - Autorefresh of serial port list stopped
2024-02-04 10:56:57,201 - octoprint.plugins.uicustomizer - INFO - Checking for updated themes
2024-02-04 10:56:58,580 - octoprint.server.util.sockjs - INFO - New connection from client: ::ffff:192.168.1.90
2024-02-04 10:56:59,159 - octoprint.server.preemptive_cache - INFO - ... done in 18.02s
2024-02-04 10:56:59,159 - octoprint.server.preemptive_cache - INFO - Preemptively caching / (ui _default) for {'base_url': 'http://192.168.1.84/', 'path': '/', 'query_string': 'l10n=en'}
2024-02-04 10:57:00,631 - octoprint.server.preemptive_cache - INFO - ... done in 1.47s
2024-02-04 10:57:03,865 - octoprint.access.users - INFO - Logged in user: admin
2024-02-04 10:57:03,870 - octoprint.server.api - INFO - Actively logging in user admin from ::ffff:192.168.1.90
2024-02-04 10:57:04,127 - octoprint.server.util.flask - INFO - Passively logging in user admin from ::ffff:192.168.1.90
2024-02-04 10:57:04,127 - octoprint.access.users - INFO - Logged in user: admin
2024-02-04 10:57:04,986 - octoprint.server.util.flask.PreemptiveCache - INFO - Adding entry for / and {'path': '/', 'base_url': 'http://192.168.1.72/', 'query_string': 'l10n=en', '_timestamp': 1707044224.986456, '_count': 1}
2024-02-04 10:57:06,430 - octoprint.server.util.sockjs - INFO - Client connection closed: ::ffff:192.168.1.90
2024-02-04 10:57:07,610 - octoprint.server.util.sockjs - INFO - New connection from client: ::ffff:192.168.1.90
2024-02-04 10:57:07,712 - octoprint.server.util.flask - INFO - Passively logging in user admin from ::ffff:192.168.1.90
2024-02-04 10:57:07,713 - octoprint.access.users - INFO - Logged in user: admin
2024-02-04 10:57:12,096 - octoprint.server.util.sockjs - INFO - User admin logged in on the socket from client ::ffff:192.168.1.90
